Build started 8/18/2014 11:20:39 AM.
Project "C:\Users\Myrie\Documents\GitHub\OpenGLwithNetbeans\workshop3_base\framework.vcxproj" on node 2 (build target(s)).
InitializeBuildStatus:
  Creating "Debug\framework.unsuccessfulbuild" because "AlwaysCreate" was specified.
ClCompile:
  C:\Program Files (x86)\Microsoft Visual Studio 10.0\VC\bin\CL.exe /c /ZI /nologo /W3 /WX- /Od /Oy- /D WIN32 /D _DEBUG /D _WINDOWS /D _MBCS /Gm /EHsc /RTC1 /MTd /GS /fp:precise /Zc:wchar_t /Zc:forScope /Fo"Debug\\" /Fd"Debug\vc100.pdb" /Gd /TP /analyze- /errorReport:prompt RendererOpenGL.cpp
  RendererOpenGL.cpp
c:\users\myrie\documents\github\openglwithnetbeans\workshop3_base\rendereropengl.cpp(131): warning C4244: 'initializing' : conversion from 'double' to 'float', possible loss of data
c:\users\myrie\documents\github\openglwithnetbeans\workshop3_base\rendereropengl.cpp(155): warning C4305: 'argument' : truncation from 'double' to 'GLfloat'
c:\users\myrie\documents\github\openglwithnetbeans\workshop3_base\rendereropengl.cpp(157): warning C4305: 'argument' : truncation from 'double' to 'GLfloat'
c:\users\myrie\documents\github\openglwithnetbeans\workshop3_base\rendereropengl.cpp(157): warning C4305: 'argument' : truncation from 'double' to 'GLfloat'
c:\users\myrie\documents\github\openglwithnetbeans\workshop3_base\rendereropengl.cpp(167): warning C4305: 'argument' : truncation from 'double' to 'GLfloat'
c:\users\myrie\documents\github\openglwithnetbeans\workshop3_base\rendereropengl.cpp(167): warning C4305: 'argument' : truncation from 'double' to 'GLfloat'
c:\users\myrie\documents\github\openglwithnetbeans\workshop3_base\rendereropengl.cpp(177): warning C4305: 'argument' : truncation from 'double' to 'GLfloat'
c:\users\myrie\documents\github\openglwithnetbeans\workshop3_base\rendereropengl.cpp(177): warning C4305: 'argument' : truncation from 'double' to 'GLfloat'
c:\users\myrie\documents\github\openglwithnetbeans\workshop3_base\rendereropengl.cpp(256): warning C4305: 'argument' : truncation from 'double' to 'GLfloat'
c:\users\myrie\documents\github\openglwithnetbeans\workshop3_base\rendereropengl.cpp(257): warning C4305: 'argument' : truncation from 'double' to 'GLfloat'
Link:
  C:\Program Files (x86)\Microsoft Visual Studio 10.0\VC\bin\link.exe /ERRORREPORT:PROMPT /OUT:"Debug\framework.exe" /INCREMENTAL:NO /NOLOGO kernel32.lib user32.lib gdi32.lib winspool.lib comdlg32.lib advapi32.lib shell32.lib ole32.lib oleaut32.lib uuid.lib odbc32.lib odbccp32.lib /MANIFEST /ManifestFile:"Debug\framework.exe.intermediate.manifest" /MANIFESTUAC:"level='asInvoker' uiAccess='false'" /DEBUG /PDB:"Debug\framework.pdb" /SUBSYSTEM:WINDOWS /TLBID:1 /DYNAMICBASE /NXCOMPAT /IMPLIB:"Debug\framework.lib" /MACHINE:X86 Debug\Entity.obj
  Debug\Excavator.obj
  Debug\RendererOpenGL.obj
  Debug\windowCreator.obj
  Debug\winMain.obj
Entity.obj : warning LNK4075: ignoring '/EDITANDCONTINUE' due to '/INCREMENTAL:NO' specification
  framework.vcxproj -> C:\Users\Myrie\Documents\GitHub\OpenGLwithNetbeans\workshop3_base\Debug\framework.exe
Manifest:
  C:\Program Files (x86)\Microsoft SDKs\Windows\v7.0A\bin\mt.exe /nologo /verbose /outputresource:"Debug\framework.exe;#1" /manifest Debug\framework.exe.intermediate.manifest
FinalizeBuildStatus:
  Deleting file "Debug\framework.unsuccessfulbuild".
  Touching "Debug\framework.lastbuildstate".
Done Building Project "C:\Users\Myrie\Documents\GitHub\OpenGLwithNetbeans\workshop3_base\framework.vcxproj" (build target(s)).

Build succeeded.

Time Elapsed 00:00:01.79
